build/app/outputs/mapping/release/mapping.txt
# compiler: R8
# compiler_version: 1.5.64
# min_api: 18
# pg_map_id: a4f289b
...
com.google.android.gms.internal.ads.zzcvp -> com.google.android.gms.internal.ads.l21:
    com.google.android.gms.internal.ads.zzcvp zzgkb -> a
    com.google.android.gms.internal.ads.zzcvp zzana() -> a
com.google.android.gms.internal.ads.zzcvq -> com.google.android.gms.internal.ads.m21:
    android.os.Bundle zza(android.os.Bundle,java.lang.String) -> a
    void zza(android.os.Bundle,java.lang.String,android.os.Bundle) -> a
    void zza(android.os.Bundle,java.lang.String,java.lang.Boolean,boolean) -> a
    void zza(android.os.Bundle,java.lang.String,java.lang.Integer,boolean) -> a
    void zza(android.os.Bundle,java.lang.String,java.lang.String) -> a
    void zza(android.os.Bundle,java.lang.String,java.lang.String,boolean) -> a
    void zza(android.os.Bundle,java.lang.String,java.util.List) -> a
com.google.android.gms.internal.ads.zzcvr -> com.google.android.gms.internal.ads.n21:
com.google.android.gms.internal.ads.zzcvs -> com.google.android.gms.internal.ads.o21:
    com.google.android.gms.internal.ads.zzaji zzgkc -> a
    void destroy() -> a
    void onContextChanged(android.content.Context) -> a
    void setImmersiveMode(boolean) -> a
    void zza(android.content.Context,com.google.android.gms.internal.ads.zzaez,java.util.List) -> a
    void zza(android.content.Context,com.google.android.gms.internal.ads.zzapz,java.util.List) -> a
    void zza(android.content.Context,com.google.android.gms.internal.ads.zztp,java.lang.String,com.google.android.gms.internal.ads.zzajj) -> a
    void zza(android.content.Context,com.google.android.gms.internal.ads.zztp,java.lang.String,com.google.android.gms.internal.ads.zzapz,java.lang.String) -> a
    void zza(android.content.Context,com.google.android.gms.internal.ads.zztp,java.lang.String,java.lang.String,com.google.android.gms.internal.ads.zzajj) -> a
    void zza(android.content.Context,com.google.android.gms.internal.ads.zztp,java.lang.String,java.lang.String,com.google.android.gms.internal.ads.zzajj,com.google.android.gms.internal.ads.zzaai,java.util.List) -> a
    void zza(android.content.Context,com.google.android.gms.internal.ads.zztw,com.google.android.gms.internal.ads.zztp,java.lang.String,com.google.android.gms.internal.ads.zzajj) -> a
com.google.android.gms.internal.ads.zzcvt -> com.google.android.gms.internal.ads.p21:
    void zzc(java.lang.Throwable,java.lang.String) -> a
    void zze(android.content.Context,boolean) -> a
com.google.android.gms.internal.ads.zzcvu -> com.google.android.gms.internal.ads.q21:
    void zza(java.io.InputStream,android.os.ParcelFileDescriptor) -> a
    void zza(java.lang.Throwable,java.io.InputStream) -> a
    android.os.ParcelFileDescriptor zze(java.io.InputStream) -> a
com.google.android.gms.internal.ads.zzcvv -> com.google.android.gms.internal.ads.r21:
    com.google.android.gms.internal.ads.zzdcs zzfnq -> c
    java.util.Deque zzgkd -> a
    java.util.concurrent.Callable zzgke -> b
    void zza(com.google.android.gms.internal.ads.zzdcp) -> a
    com.google.android.gms.internal.ads.zzdcp zzanb() -> a
    void zzdk(int) -> a
com.google.android.gms.internal.ads.zzcvw -> com.google.android.gms.internal.ads.s21:
com.google.android.gms.internal.ads.zzcvx -> com.google.android.gms.internal.ads.t21:
    android.os.ParcelFileDescriptor zzgkg -> b
    java.io.InputStream zzgkf -> a
com.google.android.gms.internal.ads.zzcvy -> com.google.android.gms.internal.ads.u21:
com.google.android.gms.internal.ads.zzcvz -> com.google.android.gms.internal.ads.v21:
com.google.android.gms.internal.ads.zzcw -> com.google.android.gms.internal.ads.w21:
    com.google.android.gms.internal.ads.zzcj zzvm -> a
    void zza(byte[],byte[]) -> a
com.google.android.gms.internal.ads.zzcwa -> com.google.android.gms.internal.ads.x21:
    android.content.Context zzlk -> b
    com.google.android.gms.internal.ads.zzatj zzdpp -> c
    java.util.HashSet zzgki -> a
    void onAdFailedToLoad(int) -> a
    void zza(java.util.HashSet) -> a
    android.os.Bundle zzanc() -> a